<?xml version="1.0" encoding="UTF-8"?>
<testsuite name="hackerRank.SherlockAndAnagramsTest" tests="1" skipped="0" failures="0" errors="0" timestamp="2020-04-01T23:30:56" hostname="sunkyung-iMacui-iMac.local" time="0.069">
  <properties/>
  <testcase name="main()" classname="hackerRank.SherlockAndAnagramsTest" time="0.069"/>
  <system-out><![CDATA[]]></system-out>
  <system-err><![CDATA[]]></system-err>
</testsuite>
